0x08000726 in PD_GPIO_StateMachine ()
Hardware assisted breakpoint 1 at 0x80006ec
Hardware assisted breakpoint 2 at 0x8000772
warning: Invalid state, unable to determine sp alias, assuming msp.
warning: Invalid state, unable to determine sp alias, assuming msp.
warning: Invalid state, unable to determine sp alias, assuming msp.
Starting emulation...

Breakpoint 2, 0x08000772 in PD_HelperSeq_3000tick_ThenPc13Gpio ()
=== Breaktrace snapshot (entry) ===
Num     Type           Disp Enb Address    What
1       hw breakpoint  keep y   0x080006ec <PD_GPIO_StateMachine+4>
2       hw breakpoint  keep y   0x08000772 <PD_HelperSeq_3000tick_ThenPc13Gpio+2>
	breakpoint already hit 1 time
pc             0x8000772           0x8000772 <PD_HelperSeq_3000tick_ThenPc13Gpio+2>
sp             0x20004f60          0x20004f60
lr             0x8000a63           134220387
=== GPIO register view ===
0x40011008:	0x00000000
0x40010c0c:	0x00000000
0x40010c10:	0x00000000
0x40010c14:	0x00000000
=== PD shadow/counter view ===
0x20000554 <g_phase6_usb_attached>:	0x00000001
0x20000520 <g_phase6_protocol_lane_expand_count>:	0x00000001
0x2000050c <g_phase6_pd_gpio_count>:	0x00000000
0x20000511 <g_phase6_pd_pb3_state>:	0x00
0x20000510 <g_phase6_pd_pb11_state>:	0x00
0x200004f4 <g_phase6_last_stage>:	0x00000003
warning: Invalid state, unable to determine sp alias, assuming msp.
warning: Invalid state, unable to determine sp alias, assuming msp.
warning: Invalid state, unable to determine sp alias, assuming msp.
0x08000774 in PD_HelperSeq_3000tick_ThenPc13Gpio ()
warning: Invalid state, unable to determine sp alias, assuming msp.
warning: Invalid state, unable to determine sp alias, assuming msp.
0x08000776 in PD_HelperSeq_3000tick_ThenPc13Gpio ()
warning: Invalid state, unable to determine sp alias, assuming msp.
warning: Invalid state, unable to determine sp alias, assuming msp.
0x08000778 in PD_HelperSeq_3000tick_ThenPc13Gpio ()
warning: Invalid state, unable to determine sp alias, assuming msp.
warning: Invalid state, unable to determine sp alias, assuming msp.
0x0800077a in PD_HelperSeq_3000tick_ThenPc13Gpio ()
warning: Invalid state, unable to determine sp alias, assuming msp.
warning: Invalid state, unable to determine sp alias, assuming msp.
0x0800077c in PD_HelperSeq_3000tick_ThenPc13Gpio ()
warning: Invalid state, unable to determine sp alias, assuming msp.
warning: Invalid state, unable to determine sp alias, assuming msp.
0x0800077e in PD_HelperSeq_3000tick_ThenPc13Gpio ()
warning: Invalid state, unable to determine sp alias, assuming msp.
warning: Invalid state, unable to determine sp alias, assuming msp.
0x08000780 in PD_HelperSeq_3000tick_ThenPc13Gpio ()
warning: Invalid state, unable to determine sp alias, assuming msp.
warning: Invalid state, unable to determine sp alias, assuming msp.
0x08000784 in PD_HelperSeq_3000tick_ThenPc13Gpio ()
warning: Invalid state, unable to determine sp alias, assuming msp.
warning: Invalid state, unable to determine sp alias, assuming msp.
0x08000786 in PD_HelperSeq_3000tick_ThenPc13Gpio ()
warning: Invalid state, unable to determine sp alias, assuming msp.
warning: Invalid state, unable to determine sp alias, assuming msp.
0x080007a2 in PD_HelperSeq_3000tick_ThenPc13Gpio ()
warning: Invalid state, unable to determine sp alias, assuming msp.
warning: Invalid state, unable to determine sp alias, assuming msp.
0x080007a4 in PD_HelperSeq_3000tick_ThenPc13Gpio ()
warning: Invalid state, unable to determine sp alias, assuming msp.
warning: Invalid state, unable to determine sp alias, assuming msp.
0x080007a6 in PD_HelperSeq_3000tick_ThenPc13Gpio ()
warning: Invalid state, unable to determine sp alias, assuming msp.
warning: Invalid state, unable to determine sp alias, assuming msp.
0x080007a8 in PD_HelperSeq_3000tick_ThenPc13Gpio ()
warning: Invalid state, unable to determine sp alias, assuming msp.
warning: Invalid state, unable to determine sp alias, assuming msp.
0x08000a62 in PD_PowerAndProtocol_Block ()
warning: Invalid state, unable to determine sp alias, assuming msp.
warning: Invalid state, unable to determine sp alias, assuming msp.
0x080007c8 in ProtocolLanes_BitExpandTick ()
warning: Invalid state, unable to determine sp alias, assuming msp.
warning: Invalid state, unable to determine sp alias, assuming msp.
0x080007ca in ProtocolLanes_BitExpandTick ()
warning: Invalid state, unable to determine sp alias, assuming msp.
warning: Invalid state, unable to determine sp alias, assuming msp.
0x080007cc in ProtocolLanes_BitExpandTick ()
warning: Invalid state, unable to determine sp alias, assuming msp.
warning: Invalid state, unable to determine sp alias, assuming msp.
0x080007ce in ProtocolLanes_BitExpandTick ()
warning: Invalid state, unable to determine sp alias, assuming msp.
warning: Invalid state, unable to determine sp alias, assuming msp.
0x080007d0 in ProtocolLanes_BitExpandTick ()
warning: Invalid state, unable to determine sp alias, assuming msp.
warning: Invalid state, unable to determine sp alias, assuming msp.
0x080007d2 in ProtocolLanes_BitExpandTick ()
warning: Invalid state, unable to determine sp alias, assuming msp.
warning: Invalid state, unable to determine sp alias, assuming msp.
0x080007d4 in ProtocolLanes_BitExpandTick ()
warning: Invalid state, unable to determine sp alias, assuming msp.
warning: Invalid state, unable to determine sp alias, assuming msp.
0x080007d6 in ProtocolLanes_BitExpandTick ()
warning: Invalid state, unable to determine sp alias, assuming msp.
warning: Invalid state, unable to determine sp alias, assuming msp.
0x080007d8 in ProtocolLanes_BitExpandTick ()
warning: Invalid state, unable to determine sp alias, assuming msp.
warning: Invalid state, unable to determine sp alias, assuming msp.
0x080007da in ProtocolLanes_BitExpandTick ()
warning: Invalid state, unable to determine sp alias, assuming msp.
warning: Invalid state, unable to determine sp alias, assuming msp.
0x080007dc in ProtocolLanes_BitExpandTick ()
warning: Invalid state, unable to determine sp alias, assuming msp.
warning: Invalid state, unable to determine sp alias, assuming msp.
0x08000a66 in PD_PowerAndProtocol_Block ()
warning: Invalid state, unable to determine sp alias, assuming msp.
warning: Invalid state, unable to determine sp alias, assuming msp.
0x080007ec in Encoder_DispatchDelta_FromTMR4 ()
warning: Invalid state, unable to determine sp alias, assuming msp.
warning: Invalid state, unable to determine sp alias, assuming msp.
0x080007ee in Encoder_DispatchDelta_FromTMR4 ()
warning: Invalid state, unable to determine sp alias, assuming msp.
warning: Invalid state, unable to determine sp alias, assuming msp.
0x080007f0 in Encoder_DispatchDelta_FromTMR4 ()
warning: Invalid state, unable to determine sp alias, assuming msp.
warning: Invalid state, unable to determine sp alias, assuming msp.
0x080007f8 in Encoder_DispatchDelta_FromTMR4 ()
warning: Invalid state, unable to determine sp alias, assuming msp.
warning: Invalid state, unable to determine sp alias, assuming msp.
0x080007fa in Encoder_DispatchDelta_FromTMR4 ()
warning: Invalid state, unable to determine sp alias, assuming msp.
warning: Invalid state, unable to determine sp alias, assuming msp.
0x080007fc in Encoder_DispatchDelta_FromTMR4 ()
warning: Invalid state, unable to determine sp alias, assuming msp.
warning: Invalid state, unable to determine sp alias, assuming msp.
0x080007fe in Encoder_DispatchDelta_FromTMR4 ()
warning: Invalid state, unable to determine sp alias, assuming msp.
warning: Invalid state, unable to determine sp alias, assuming msp.
0x08000a6a in PD_PowerAndProtocol_Block ()
warning: Invalid state, unable to determine sp alias, assuming msp.
warning: Invalid state, unable to determine sp alias, assuming msp.
0x080008dc in EncoderGated_LightOutputApplyChain ()
warning: Invalid state, unable to determine sp alias, assuming msp.
warning: Invalid state, unable to determine sp alias, assuming msp.
0x080008de in EncoderGated_LightOutputApplyChain ()
warning: Invalid state, unable to determine sp alias, assuming msp.
warning: Invalid state, unable to determine sp alias, assuming msp.
0x080008e0 in EncoderGated_LightOutputApplyChain ()
warning: Invalid state, unable to determine sp alias, assuming msp.
warning: Invalid state, unable to determine sp alias, assuming msp.
0x080008e2 in EncoderGated_LightOutputApplyChain ()
warning: Invalid state, unable to determine sp alias, assuming msp.
warning: Invalid state, unable to determine sp alias, assuming msp.
0x080008e4 in EncoderGated_LightOutputApplyChain ()
warning: Invalid state, unable to determine sp alias, assuming msp.
warning: Invalid state, unable to determine sp alias, assuming msp.
0x080008e6 in EncoderGated_LightOutputApplyChain ()
warning: Invalid state, unable to determine sp alias, assuming msp.
warning: Invalid state, unable to determine sp alias, assuming msp.
0x08000904 in EncoderGated_LightOutputApplyChain ()
warning: Invalid state, unable to determine sp alias, assuming msp.
warning: Invalid state, unable to determine sp alias, assuming msp.
0x08000906 in EncoderGated_LightOutputApplyChain ()
warning: Invalid state, unable to determine sp alias, assuming msp.
warning: Invalid state, unable to determine sp alias, assuming msp.
0x08000908 in EncoderGated_LightOutputApplyChain ()
warning: Invalid state, unable to determine sp alias, assuming msp.
warning: Invalid state, unable to determine sp alias, assuming msp.
0x0800090a in EncoderGated_LightOutputApplyChain ()
warning: Invalid state, unable to determine sp alias, assuming msp.
warning: Invalid state, unable to determine sp alias, assuming msp.
0x0800090c in EncoderGated_LightOutputApplyChain ()
warning: Invalid state, unable to determine sp alias, assuming msp.
warning: Invalid state, unable to determine sp alias, assuming msp.
0x0800090e in EncoderGated_LightOutputApplyChain ()
warning: Invalid state, unable to determine sp alias, assuming msp.
warning: Invalid state, unable to determine sp alias, assuming msp.
0x08000a6e in PD_PowerAndProtocol_Block ()
warning: Invalid state, unable to determine sp alias, assuming msp.
warning: Invalid state, unable to determine sp alias, assuming msp.
0x0800092c in UI_OLED_MainStateMachine ()
warning: Invalid state, unable to determine sp alias, assuming msp.
warning: Invalid state, unable to determine sp alias, assuming msp.
0x0800092e in UI_OLED_MainStateMachine ()
warning: Invalid state, unable to determine sp alias, assuming msp.
warning: Invalid state, unable to determine sp alias, assuming msp.
0x08000930 in UI_OLED_MainStateMachine ()
warning: Invalid state, unable to determine sp alias, assuming msp.
warning: Invalid state, unable to determine sp alias, assuming msp.
0x08000932 in UI_OLED_MainStateMachine ()
warning: Invalid state, unable to determine sp alias, assuming msp.
warning: Invalid state, unable to determine sp alias, assuming msp.
0x08000934 in UI_OLED_MainStateMachine ()
warning: Invalid state, unable to determine sp alias, assuming msp.
warning: Invalid state, unable to determine sp alias, assuming msp.
0x08000938 in UI_OLED_MainStateMachine ()
warning: Invalid state, unable to determine sp alias, assuming msp.
warning: Invalid state, unable to determine sp alias, assuming msp.
0x0800093a in UI_OLED_MainStateMachine ()
warning: Invalid state, unable to determine sp alias, assuming msp.
warning: Invalid state, unable to determine sp alias, assuming msp.
0x0800093c in UI_OLED_MainStateMachine ()
warning: Invalid state, unable to determine sp alias, assuming msp.
warning: Invalid state, unable to determine sp alias, assuming msp.
0x0800093e in UI_OLED_MainStateMachine ()
warning: Invalid state, unable to determine sp alias, assuming msp.
warning: Invalid state, unable to determine sp alias, assuming msp.
0x08000cda in Phase6_UiEventRouter_Consume ()
warning: Invalid state, unable to determine sp alias, assuming msp.
warning: Invalid state, unable to determine sp alias, assuming msp.
0x08000cdc in Phase6_UiEventRouter_Consume ()
warning: Invalid state, unable to determine sp alias, assuming msp.
warning: Invalid state, unable to determine sp alias, assuming msp.
0x08000cde in Phase6_UiEventRouter_Consume ()
warning: Invalid state, unable to determine sp alias, assuming msp.
warning: Invalid state, unable to determine sp alias, assuming msp.
0x08000ce0 in Phase6_UiEventRouter_Consume ()
warning: Invalid state, unable to determine sp alias, assuming msp.
warning: Invalid state, unable to determine sp alias, assuming msp.
0x08000cf4 in Phase6_UiEventRouter_Consume ()
warning: Invalid state, unable to determine sp alias, assuming msp.
warning: Invalid state, unable to determine sp alias, assuming msp.
0x08000942 in UI_OLED_MainStateMachine ()
warning: Invalid state, unable to determine sp alias, assuming msp.
warning: Invalid state, unable to determine sp alias, assuming msp.
0x08000952 in UI_OLED_MainStateMachine ()
warning: Invalid state, unable to determine sp alias, assuming msp.
warning: Invalid state, unable to determine sp alias, assuming msp.
0x08000954 in UI_OLED_MainStateMachine ()
=== Breaktrace snapshot (post-step 64) ===
pc             0x8000954           0x8000954 <UI_OLED_MainStateMachine+40>
sp             0x20004f50          0x20004f50
lr             0x8000943           134220099
=== GPIO register view (post-step) ===
0x40011008:	0x00000000
0x40010c0c:	0x00000000
0x40010c10:	0x00000000
0x40010c14:	0x00000000
=== PD shadow/counter view (post-step) ===
0x20000554 <g_phase6_usb_attached>:	0x00000001
0x20000520 <g_phase6_protocol_lane_expand_count>:	0x00000002
0x2000050c <g_phase6_pd_gpio_count>:	0x00000000
0x20000511 <g_phase6_pd_pb3_state>:	0x00
0x20000510 <g_phase6_pd_pb11_state>:	0x00
0x200004f4 <g_phase6_last_stage>:	0x00000007
[Inferior 1 (Remote target) detached]
