warning: No executable has been specified and target does not support
determining executable automatically.  Try using the "file" command.
0x08000d50 in ?? ()
Starting emulation...
=== Phase6 Snapshot: PC/SP/LR ===
pc             0x8000d50           0x8000d50
sp             0x20004f70          0x20004f70
lr             0x8000c99           134220953
=== GPIOC_IDR (PC13 source) ===
0x40011008:	0x00000000
=== GPIOB_BSRR / BRR (PB3/PB11 sink) ===
0x40010c10:	0x00000000
0x40010c14:	0x00000000
=== TMR1 registers (PWM) ===
0x40012c00:	0x00000081
0x40012c2c:	0x000004b0
0x40012c34:	0x00000018
0x40012c3c:	0x00000018
=== TMR4_CNT (encoder source) ===
0x40000824:	0x00000000
[Inferior 1 (Remote target) detached]
