0x080013d2 in Phase6_StartupChain_Run ()
Hardware assisted breakpoint 1 at 0x80008f8
warning: Invalid state, unable to determine sp alias, assuming msp.
Hardware assisted breakpoint 2 at 0x8000c52
warning: Invalid state, unable to determine sp alias, assuming msp.
warning: Invalid state, unable to determine sp alias, assuming msp.
Starting emulation...

Breakpoint 1, 0x080008f8 in PD_GPIO_StateMachine ()
=== Breaktrace snapshot (entry) ===
Num     Type           Disp Enb Address    What
1       hw breakpoint  keep y   0x080008f8 <PD_GPIO_StateMachine+4>
	breakpoint already hit 1 time
2       hw breakpoint  keep y   0x08000c52 <UI_SPI1_PumpEightFramebufferSlices+14>
pc             0x80008f8           0x80008f8 <PD_GPIO_StateMachine+4>
sp             0x20004f30          0x20004f30
lr             0x8000dd7           134221271
=== GPIO register view ===
0x40011008:	0x00000000
0x40010c0c:	0x00000400
0x40010c10:	0x00000000
0x40010c14:	0x00000000
=== PD shadow/counter view ===
0x200008f0 <g_phase6_usb_attached>:	0x00000001
0x20000878 <g_phase6_protocol_lane_expand_count>:	0x00000001
0x20000864 <g_phase6_pd_gpio_count>:	0x00000000
0x20000869 <g_phase6_pd_pb3_state>:	0x00
0x20000868 <g_phase6_pd_pb11_state>:	0x00
0x20000548 <g_phase6_last_stage>:	0x00000002
0x20000888 <g_phase6_spi_flush_trigger_count>:	0x00000000
0x20000880 <g_phase6_spi_flush_skip_count>:	0x00000000
=== Main semantic counters (entry) ===
0x200008f8 <g_phase6_main_boot_phase_counter8>:	0x00000000
0x200008fc <g_phase6_main_iwdg_reload_count>:	0x00000000
warning: Invalid state, unable to determine sp alias, assuming msp.
warning: Invalid state, unable to determine sp alias, assuming msp.
warning: Invalid state, unable to determine sp alias, assuming msp.
0x080008fa in PD_GPIO_StateMachine ()
warning: Invalid state, unable to determine sp alias, assuming msp.
warning: Invalid state, unable to determine sp alias, assuming msp.
0x080008fc in PD_GPIO_StateMachine ()
warning: Invalid state, unable to determine sp alias, assuming msp.
warning: Invalid state, unable to determine sp alias, assuming msp.
0x080008fe in PD_GPIO_StateMachine ()
warning: Invalid state, unable to determine sp alias, assuming msp.
warning: Invalid state, unable to determine sp alias, assuming msp.
0x08000900 in PD_GPIO_StateMachine ()
warning: Invalid state, unable to determine sp alias, assuming msp.
warning: Invalid state, unable to determine sp alias, assuming msp.
0x08000902 in PD_GPIO_StateMachine ()
warning: Invalid state, unable to determine sp alias, assuming msp.
warning: Invalid state, unable to determine sp alias, assuming msp.
0x08000904 in PD_GPIO_StateMachine ()
warning: Invalid state, unable to determine sp alias, assuming msp.
warning: Invalid state, unable to determine sp alias, assuming msp.
0x08000906 in PD_GPIO_StateMachine ()
warning: Invalid state, unable to determine sp alias, assuming msp.
warning: Invalid state, unable to determine sp alias, assuming msp.
0x08000908 in PD_GPIO_StateMachine ()
warning: Invalid state, unable to determine sp alias, assuming msp.
warning: Invalid state, unable to determine sp alias, assuming msp.
0x0800090c in PD_GPIO_StateMachine ()
warning: Invalid state, unable to determine sp alias, assuming msp.
warning: Invalid state, unable to determine sp alias, assuming msp.
0x0800090e in PD_GPIO_StateMachine ()
warning: Invalid state, unable to determine sp alias, assuming msp.
warning: Invalid state, unable to determine sp alias, assuming msp.
0x08000910 in PD_GPIO_StateMachine ()
warning: Invalid state, unable to determine sp alias, assuming msp.
warning: Invalid state, unable to determine sp alias, assuming msp.
0x08000912 in PD_GPIO_StateMachine ()
warning: Invalid state, unable to determine sp alias, assuming msp.
warning: Invalid state, unable to determine sp alias, assuming msp.
0x08000914 in PD_GPIO_StateMachine ()
warning: Invalid state, unable to determine sp alias, assuming msp.
warning: Invalid state, unable to determine sp alias, assuming msp.
0x08000916 in PD_GPIO_StateMachine ()
warning: Invalid state, unable to determine sp alias, assuming msp.
warning: Invalid state, unable to determine sp alias, assuming msp.
0x08000918 in PD_GPIO_StateMachine ()
warning: Invalid state, unable to determine sp alias, assuming msp.
warning: Invalid state, unable to determine sp alias, assuming msp.
0x0800091c in PD_GPIO_StateMachine ()
warning: Invalid state, unable to determine sp alias, assuming msp.
warning: Invalid state, unable to determine sp alias, assuming msp.
0x0800091e in PD_GPIO_StateMachine ()
warning: Invalid state, unable to determine sp alias, assuming msp.
warning: Invalid state, unable to determine sp alias, assuming msp.
0x08000920 in PD_GPIO_StateMachine ()
warning: Invalid state, unable to determine sp alias, assuming msp.
warning: Invalid state, unable to determine sp alias, assuming msp.
0x08000922 in PD_GPIO_StateMachine ()
warning: Invalid state, unable to determine sp alias, assuming msp.
warning: Invalid state, unable to determine sp alias, assuming msp.
0x08000924 in PD_GPIO_StateMachine ()
warning: Invalid state, unable to determine sp alias, assuming msp.
warning: Invalid state, unable to determine sp alias, assuming msp.
0x08000926 in PD_GPIO_StateMachine ()
warning: Invalid state, unable to determine sp alias, assuming msp.
warning: Invalid state, unable to determine sp alias, assuming msp.
0x08000928 in PD_GPIO_StateMachine ()
warning: Invalid state, unable to determine sp alias, assuming msp.
warning: Invalid state, unable to determine sp alias, assuming msp.
0x0800092a in PD_GPIO_StateMachine ()
warning: Invalid state, unable to determine sp alias, assuming msp.
warning: Invalid state, unable to determine sp alias, assuming msp.
0x0800092c in PD_GPIO_StateMachine ()
warning: Invalid state, unable to determine sp alias, assuming msp.
warning: Invalid state, unable to determine sp alias, assuming msp.
0x0800092e in PD_GPIO_StateMachine ()
warning: Invalid state, unable to determine sp alias, assuming msp.
warning: Invalid state, unable to determine sp alias, assuming msp.
0x08000930 in PD_GPIO_StateMachine ()
warning: Invalid state, unable to determine sp alias, assuming msp.
warning: Invalid state, unable to determine sp alias, assuming msp.
0x08000932 in PD_GPIO_StateMachine ()
warning: Invalid state, unable to determine sp alias, assuming msp.
warning: Invalid state, unable to determine sp alias, assuming msp.
0x08000dd6 in PD_PowerAndProtocol_Block ()
warning: Invalid state, unable to determine sp alias, assuming msp.
warning: Invalid state, unable to determine sp alias, assuming msp.
0x0800097c in PD_HelperSeq_3000tick_ThenPc13Gpio ()
warning: Invalid state, unable to determine sp alias, assuming msp.
warning: Invalid state, unable to determine sp alias, assuming msp.
0x0800097e in PD_HelperSeq_3000tick_ThenPc13Gpio ()
warning: Invalid state, unable to determine sp alias, assuming msp.
warning: Invalid state, unable to determine sp alias, assuming msp.
0x08000980 in PD_HelperSeq_3000tick_ThenPc13Gpio ()
warning: Invalid state, unable to determine sp alias, assuming msp.
warning: Invalid state, unable to determine sp alias, assuming msp.
0x08000982 in PD_HelperSeq_3000tick_ThenPc13Gpio ()
=== Breaktrace snapshot (post-step 32) ===
pc             0x8000982           0x8000982 <PD_HelperSeq_3000tick_ThenPc13Gpio+6>
sp             0x20004f38          0x20004f38
lr             0x8000ddb           134221275
=== GPIO register view (post-step) ===
0x40011008:	0x00000000
0x40010c0c:	0x00000c08
0x40010c10:	0x00000000
0x40010c14:	0x00000000
=== PD shadow/counter view (post-step) ===
0x200008f0 <g_phase6_usb_attached>:	0x00000001
0x20000878 <g_phase6_protocol_lane_expand_count>:	0x00000001
0x20000864 <g_phase6_pd_gpio_count>:	0x00000001
0x20000869 <g_phase6_pd_pb3_state>:	0x01
0x20000868 <g_phase6_pd_pb11_state>:	0x01
0x20000548 <g_phase6_last_stage>:	0x00000003
0x20000888 <g_phase6_spi_flush_trigger_count>:	0x00000000
0x20000880 <g_phase6_spi_flush_skip_count>:	0x00000000
=== Main semantic counters (post-step) ===
0x200008f8 <g_phase6_main_boot_phase_counter8>:	0x00000000
0x200008fc <g_phase6_main_iwdg_reload_count>:	0x00000000
=== Continue to UI flush breakpoint ===

Breakpoint 2, 0x08000c52 in UI_SPI1_PumpEightFramebufferSlices ()
warning: Invalid state, unable to determine sp alias, assuming msp.
warning: Invalid state, unable to determine sp alias, assuming msp.
warning: Invalid state, unable to determine sp alias, assuming msp.
0x08000c54 in UI_SPI1_PumpEightFramebufferSlices ()
warning: Invalid state, unable to determine sp alias, assuming msp.
warning: Invalid state, unable to determine sp alias, assuming msp.
0x08000c56 in UI_SPI1_PumpEightFramebufferSlices ()
warning: Invalid state, unable to determine sp alias, assuming msp.
warning: Invalid state, unable to determine sp alias, assuming msp.
0x08000c5e in UI_SPI1_PumpEightFramebufferSlices ()
warning: Invalid state, unable to determine sp alias, assuming msp.
warning: Invalid state, unable to determine sp alias, assuming msp.
0x08000c60 in UI_SPI1_PumpEightFramebufferSlices ()
warning: Invalid state, unable to determine sp alias, assuming msp.
warning: Invalid state, unable to determine sp alias, assuming msp.
0x08000c62 in UI_SPI1_PumpEightFramebufferSlices ()
warning: Invalid state, unable to determine sp alias, assuming msp.
warning: Invalid state, unable to determine sp alias, assuming msp.
0x08000c64 in UI_SPI1_PumpEightFramebufferSlices ()
warning: Invalid state, unable to determine sp alias, assuming msp.
warning: Invalid state, unable to determine sp alias, assuming msp.
0x08000c66 in UI_SPI1_PumpEightFramebufferSlices ()
warning: Invalid state, unable to determine sp alias, assuming msp.
warning: Invalid state, unable to determine sp alias, assuming msp.
0x08000c68 in UI_SPI1_PumpEightFramebufferSlices ()
warning: Invalid state, unable to determine sp alias, assuming msp.
warning: Invalid state, unable to determine sp alias, assuming msp.
0x08000c6a in UI_SPI1_PumpEightFramebufferSlices ()
warning: Invalid state, unable to determine sp alias, assuming msp.
warning: Invalid state, unable to determine sp alias, assuming msp.
0x08000c6c in UI_SPI1_PumpEightFramebufferSlices ()
warning: Invalid state, unable to determine sp alias, assuming msp.
warning: Invalid state, unable to determine sp alias, assuming msp.
0x08000c70 in UI_SPI1_PumpEightFramebufferSlices ()
warning: Invalid state, unable to determine sp alias, assuming msp.
warning: Invalid state, unable to determine sp alias, assuming msp.
0x08001168 in Phase6_SPI1_EnsureReady ()
warning: Invalid state, unable to determine sp alias, assuming msp.
warning: Invalid state, unable to determine sp alias, assuming msp.
0x080010f0 in Phase6_SPI1_StartupHwInit ()
warning: Invalid state, unable to determine sp alias, assuming msp.
warning: Invalid state, unable to determine sp alias, assuming msp.
0x080010f2 in Phase6_SPI1_StartupHwInit ()
warning: Invalid state, unable to determine sp alias, assuming msp.
warning: Invalid state, unable to determine sp alias, assuming msp.
0x080010f4 in Phase6_SPI1_StartupHwInit ()
warning: Invalid state, unable to determine sp alias, assuming msp.
warning: Invalid state, unable to determine sp alias, assuming msp.
0x080010f6 in Phase6_SPI1_StartupHwInit ()
warning: Invalid state, unable to determine sp alias, assuming msp.
warning: Invalid state, unable to determine sp alias, assuming msp.
0x0800115a in Phase6_SPI1_StartupHwInit ()
warning: Invalid state, unable to determine sp alias, assuming msp.
warning: Invalid state, unable to determine sp alias, assuming msp.
0x08000c74 in UI_SPI1_PumpEightFramebufferSlices ()
warning: Invalid state, unable to determine sp alias, assuming msp.
warning: Invalid state, unable to determine sp alias, assuming msp.
0x08000c78 in UI_SPI1_PumpEightFramebufferSlices ()
warning: Invalid state, unable to determine sp alias, assuming msp.
warning: Invalid state, unable to determine sp alias, assuming msp.
0x08000c7a in UI_SPI1_PumpEightFramebufferSlices ()
warning: Invalid state, unable to determine sp alias, assuming msp.
warning: Invalid state, unable to determine sp alias, assuming msp.
0x08000c7e in UI_SPI1_PumpEightFramebufferSlices ()
warning: Invalid state, unable to determine sp alias, assuming msp.
warning: Invalid state, unable to determine sp alias, assuming msp.
0x08000c82 in UI_SPI1_PumpEightFramebufferSlices ()
warning: Invalid state, unable to determine sp alias, assuming msp.
warning: Invalid state, unable to determine sp alias, assuming msp.
0x08000c86 in UI_SPI1_PumpEightFramebufferSlices ()
warning: Invalid state, unable to determine sp alias, assuming msp.
warning: Invalid state, unable to determine sp alias, assuming msp.
0x0800116c in Phase6_SPI1_SetCs ()
warning: Invalid state, unable to determine sp alias, assuming msp.
warning: Invalid state, unable to determine sp alias, assuming msp.
0x0800116e in Phase6_SPI1_SetCs ()
warning: Invalid state, unable to determine sp alias, assuming msp.
warning: Invalid state, unable to determine sp alias, assuming msp.
0x08001172 in Phase6_SPI1_SetCs ()
warning: Invalid state, unable to determine sp alias, assuming msp.
warning: Invalid state, unable to determine sp alias, assuming msp.
0x08001180 in Phase6_SPI1_SetCs ()
warning: Invalid state, unable to determine sp alias, assuming msp.
warning: Invalid state, unable to determine sp alias, assuming msp.
0x08001182 in Phase6_SPI1_SetCs ()
warning: Invalid state, unable to determine sp alias, assuming msp.
warning: Invalid state, unable to determine sp alias, assuming msp.
0x08001184 in Phase6_SPI1_SetCs ()
warning: Invalid state, unable to determine sp alias, assuming msp.
warning: Invalid state, unable to determine sp alias, assuming msp.
0x08001178 in Phase6_SPI1_SetCs ()
warning: Invalid state, unable to determine sp alias, assuming msp.
warning: Invalid state, unable to determine sp alias, assuming msp.
0x0800117a in Phase6_SPI1_SetCs ()
warning: Invalid state, unable to determine sp alias, assuming msp.
warning: Invalid state, unable to determine sp alias, assuming msp.
0x0800117c in Phase6_SPI1_SetCs ()
warning: Invalid state, unable to determine sp alias, assuming msp.
warning: Invalid state, unable to determine sp alias, assuming msp.
0x0800117e in Phase6_SPI1_SetCs ()
warning: Invalid state, unable to determine sp alias, assuming msp.
warning: Invalid state, unable to determine sp alias, assuming msp.
0x08000c8a in UI_SPI1_PumpEightFramebufferSlices ()
warning: Invalid state, unable to determine sp alias, assuming msp.
warning: Invalid state, unable to determine sp alias, assuming msp.
0x08000c8c in UI_SPI1_PumpEightFramebufferSlices ()
warning: Invalid state, unable to determine sp alias, assuming msp.
warning: Invalid state, unable to determine sp alias, assuming msp.
0x08000c8e in UI_SPI1_PumpEightFramebufferSlices ()
warning: Invalid state, unable to determine sp alias, assuming msp.
warning: Invalid state, unable to determine sp alias, assuming msp.
0x08001194 in Phase6_SPI1_Transmit ()
warning: Invalid state, unable to determine sp alias, assuming msp.
warning: Invalid state, unable to determine sp alias, assuming msp.
0x08001198 in Phase6_SPI1_Transmit ()
warning: Invalid state, unable to determine sp alias, assuming msp.
warning: Invalid state, unable to determine sp alias, assuming msp.
0x0800119a in Phase6_SPI1_Transmit ()
warning: Invalid state, unable to determine sp alias, assuming msp.
warning: Invalid state, unable to determine sp alias, assuming msp.
0x0800119c in Phase6_SPI1_Transmit ()
warning: Invalid state, unable to determine sp alias, assuming msp.
warning: Invalid state, unable to determine sp alias, assuming msp.
0x0800119e in Phase6_SPI1_Transmit ()
warning: Invalid state, unable to determine sp alias, assuming msp.
warning: Invalid state, unable to determine sp alias, assuming msp.
0x080011a0 in Phase6_SPI1_Transmit ()
warning: Invalid state, unable to determine sp alias, assuming msp.
warning: Invalid state, unable to determine sp alias, assuming msp.
0x080011a2 in Phase6_SPI1_Transmit ()
warning: Invalid state, unable to determine sp alias, assuming msp.
warning: Invalid state, unable to determine sp alias, assuming msp.
0x080011a4 in Phase6_SPI1_Transmit ()
warning: Invalid state, unable to determine sp alias, assuming msp.
warning: Invalid state, unable to determine sp alias, assuming msp.
0x080010f0 in Phase6_SPI1_StartupHwInit ()
warning: Invalid state, unable to determine sp alias, assuming msp.
warning: Invalid state, unable to determine sp alias, assuming msp.
0x080010f2 in Phase6_SPI1_StartupHwInit ()
warning: Invalid state, unable to determine sp alias, assuming msp.
warning: Invalid state, unable to determine sp alias, assuming msp.
0x080010f4 in Phase6_SPI1_StartupHwInit ()
warning: Invalid state, unable to determine sp alias, assuming msp.
warning: Invalid state, unable to determine sp alias, assuming msp.
0x080010f6 in Phase6_SPI1_StartupHwInit ()
warning: Invalid state, unable to determine sp alias, assuming msp.
warning: Invalid state, unable to determine sp alias, assuming msp.
0x0800115a in Phase6_SPI1_StartupHwInit ()
warning: Invalid state, unable to determine sp alias, assuming msp.
warning: Invalid state, unable to determine sp alias, assuming msp.
0x080011a8 in Phase6_SPI1_Transmit ()
warning: Invalid state, unable to determine sp alias, assuming msp.
warning: Invalid state, unable to determine sp alias, assuming msp.
0x080011aa in Phase6_SPI1_Transmit ()
warning: Invalid state, unable to determine sp alias, assuming msp.
warning: Invalid state, unable to determine sp alias, assuming msp.
0x080011ac in Phase6_SPI1_Transmit ()
warning: Invalid state, unable to determine sp alias, assuming msp.
warning: Invalid state, unable to determine sp alias, assuming msp.
0x080011b0 in Phase6_SPI1_Transmit ()
warning: Invalid state, unable to determine sp alias, assuming msp.
warning: Invalid state, unable to determine sp alias, assuming msp.
0x080011b2 in Phase6_SPI1_Transmit ()
warning: Invalid state, unable to determine sp alias, assuming msp.
warning: Invalid state, unable to determine sp alias, assuming msp.
0x080011b4 in Phase6_SPI1_Transmit ()
warning: Invalid state, unable to determine sp alias, assuming msp.
warning: Invalid state, unable to determine sp alias, assuming msp.
0x080011b6 in Phase6_SPI1_Transmit ()
warning: Invalid state, unable to determine sp alias, assuming msp.
warning: Invalid state, unable to determine sp alias, assuming msp.
0x080011ba in Phase6_SPI1_Transmit ()
warning: Invalid state, unable to determine sp alias, assuming msp.
warning: Invalid state, unable to determine sp alias, assuming msp.
0x080011bc in Phase6_SPI1_Transmit ()
warning: Invalid state, unable to determine sp alias, assuming msp.
warning: Invalid state, unable to determine sp alias, assuming msp.
0x080011ca in Phase6_SPI1_Transmit ()
warning: Invalid state, unable to determine sp alias, assuming msp.
warning: Invalid state, unable to determine sp alias, assuming msp.
0x080011cc in Phase6_SPI1_Transmit ()
warning: Invalid state, unable to determine sp alias, assuming msp.
warning: Invalid state, unable to determine sp alias, assuming msp.
0x080011d0 in Phase6_SPI1_Transmit ()
warning: Invalid state, unable to determine sp alias, assuming msp.
warning: Invalid state, unable to determine sp alias, assuming msp.
0x080011f6 in Phase6_SPI1_Transmit ()
warning: Invalid state, unable to determine sp alias, assuming msp.
warning: Invalid state, unable to determine sp alias, assuming msp.
0x080011fa in Phase6_SPI1_Transmit ()
warning: Invalid state, unable to determine sp alias, assuming msp.
warning: Invalid state, unable to determine sp alias, assuming msp.
0x080011fc in Phase6_SPI1_Transmit ()
=== Flush breakpoint snapshot (rehit+post-step 64) ===
pc             0x80011fc           0x80011fc <Phase6_SPI1_Transmit+104>
sp             0x20004ef8          0x20004ef8
lr             0x20004f1f          536891167
0x20000548 <g_phase6_last_stage>:	0x00000009
0x20000888 <g_phase6_spi_flush_trigger_count>:	0x00000001
0x20000880 <g_phase6_spi_flush_skip_count>:	0x00000000
[Inferior 1 (Remote target) detached]
