0x080018c2 in Phase6_StartupChain_Run ()
Breakpoint 1 at 0x8000a8c
warning: Invalid state, unable to determine sp alias, assuming msp.
warning: Invalid state, unable to determine sp alias, assuming msp.
warning: Invalid state, unable to determine sp alias, assuming msp.
Starting emulation...

Breakpoint 1, 0x08000a8c in PD_GPIO_StateMachine ()
=== Breaktrace snapshot (entry) ===
Num     Type           Disp Enb Address    What
1       breakpoint     keep y   0x08000a8c <PD_GPIO_StateMachine+4>
	breakpoint already hit 150 times
pc             0x8000a8c           0x8000a8c <PD_GPIO_StateMachine+4>
sp             0x20004e70          0x20004e70
lr             0x80010b7           134222007
=== GPIO register view ===
0x40011008:	0x00000000
0x40010c0c:	0x00000c08
0x40010c10:	0x00000000
0x40010c14:	0x00000000
=== PD shadow/counter view ===
0x2000095c <g_phase6_usb_attached>:	0x00000001
0x200008d8 <g_phase6_protocol_lane_expand_count>:	0x00000096
0x200008c4 <g_phase6_pd_gpio_count>:	0x00000095
0x200008bc <g_phase6_pd_attach_window_count>:	0x00000000
0x200008c9 <g_phase6_pd_pb3_state>:	0x01
0x200008c8 <g_phase6_pd_pb11_state>:	0x01
0x200005a8 <g_phase6_last_stage>:	0x00000002
0x200008e8 <g_phase6_spi_flush_trigger_count>:	0x00000095
0x200008e0 <g_phase6_spi_flush_skip_count>:	0x00000000
=== Main semantic counters (entry) ===
0x20000964 <g_phase6_main_boot_phase_counter8>:	0x00000001
0x20000968 <g_phase6_main_iwdg_reload_count>:	0x00000241
=== main->SPI bridge counters (entry) ===
0x20000a08 <g_phase6_mainloop_spi_pump_request_count>:	0x0000070b
0x20000a0c <g_phase6_mainloop_spi_pump_consumed_count>:	0x00000095
=== startup chain magic/IWDT (entry) ===
0x20000a30 <g_phase6_boot_magic_word_shadow>:	0x00000000
0x20000a28 <g_phase6_boot_magic_matched>:	0x00000000
0x20000a20 <g_phase6_iwdt_started>:	0x00000001
0x20000a34 <g_phase6_iwdt_reload_shadow>:	0x00000001
=== USB guard risk counters (entry) ===
0x20000a4c <g_phase6_usb_upgrade_guard_init>:	0x00000001
0x20000a54 <g_phase6_usb_upgrade_preflight_ready>:	0x00000000
0x20000a48 <g_phase6_usb_upgrade_preflight_fail_count>:	0x00000000
0x20000a50 <g_phase6_usb_upgrade_flash_write_attempt_count>:	0x00000000
=== Flush cadence context (entry) ===
0x20000574 <g_phase6_call_ticks>:	0x00000096
0x20000a10 <g_phase6_systick_entry_count>:	0x00000bb8
0x200008b4 <g_phase6_oled_last_flush_tick>:	0x00000095
0x20000934 <g_phase6_ui_frame_dirty>:	0x00
warning: Invalid state, unable to determine sp alias, assuming msp.
warning: Invalid state, unable to determine sp alias, assuming msp.
warning: Invalid state, unable to determine sp alias, assuming msp.
0x08000a8e in PD_GPIO_StateMachine ()
warning: Invalid state, unable to determine sp alias, assuming msp.
warning: Invalid state, unable to determine sp alias, assuming msp.
0x08000a90 in PD_GPIO_StateMachine ()
warning: Invalid state, unable to determine sp alias, assuming msp.
warning: Invalid state, unable to determine sp alias, assuming msp.
0x08000a92 in PD_GPIO_StateMachine ()
warning: Invalid state, unable to determine sp alias, assuming msp.
warning: Invalid state, unable to determine sp alias, assuming msp.
0x08000a94 in PD_GPIO_StateMachine ()
warning: Invalid state, unable to determine sp alias, assuming msp.
warning: Invalid state, unable to determine sp alias, assuming msp.
0x08000a96 in PD_GPIO_StateMachine ()
warning: Invalid state, unable to determine sp alias, assuming msp.
warning: Invalid state, unable to determine sp alias, assuming msp.
0x08000a98 in PD_GPIO_StateMachine ()
warning: Invalid state, unable to determine sp alias, assuming msp.
warning: Invalid state, unable to determine sp alias, assuming msp.
0x08000a9a in PD_GPIO_StateMachine ()
warning: Invalid state, unable to determine sp alias, assuming msp.
warning: Invalid state, unable to determine sp alias, assuming msp.
0x08000a9c in PD_GPIO_StateMachine ()
warning: Invalid state, unable to determine sp alias, assuming msp.
warning: Invalid state, unable to determine sp alias, assuming msp.
0x08000aa0 in PD_GPIO_StateMachine ()
warning: Invalid state, unable to determine sp alias, assuming msp.
warning: Invalid state, unable to determine sp alias, assuming msp.
0x08000aa2 in PD_GPIO_StateMachine ()
warning: Invalid state, unable to determine sp alias, assuming msp.
warning: Invalid state, unable to determine sp alias, assuming msp.
0x08000aa4 in PD_GPIO_StateMachine ()
warning: Invalid state, unable to determine sp alias, assuming msp.
warning: Invalid state, unable to determine sp alias, assuming msp.
0x08000aa6 in PD_GPIO_StateMachine ()
warning: Invalid state, unable to determine sp alias, assuming msp.
warning: Invalid state, unable to determine sp alias, assuming msp.
0x08000aa8 in PD_GPIO_StateMachine ()
warning: Invalid state, unable to determine sp alias, assuming msp.
warning: Invalid state, unable to determine sp alias, assuming msp.
0x08000aaa in PD_GPIO_StateMachine ()
warning: Invalid state, unable to determine sp alias, assuming msp.
warning: Invalid state, unable to determine sp alias, assuming msp.
0x08000aac in PD_GPIO_StateMachine ()
warning: Invalid state, unable to determine sp alias, assuming msp.
warning: Invalid state, unable to determine sp alias, assuming msp.
0x08000ab0 in PD_GPIO_StateMachine ()
warning: Invalid state, unable to determine sp alias, assuming msp.
warning: Invalid state, unable to determine sp alias, assuming msp.
0x08000ab2 in PD_GPIO_StateMachine ()
warning: Invalid state, unable to determine sp alias, assuming msp.
warning: Invalid state, unable to determine sp alias, assuming msp.
0x08000ab4 in PD_GPIO_StateMachine ()
warning: Invalid state, unable to determine sp alias, assuming msp.
warning: Invalid state, unable to determine sp alias, assuming msp.
0x08000ab6 in PD_GPIO_StateMachine ()
warning: Invalid state, unable to determine sp alias, assuming msp.
warning: Invalid state, unable to determine sp alias, assuming msp.
0x08000ab8 in PD_GPIO_StateMachine ()
warning: Invalid state, unable to determine sp alias, assuming msp.
warning: Invalid state, unable to determine sp alias, assuming msp.
0x08000aba in PD_GPIO_StateMachine ()
warning: Invalid state, unable to determine sp alias, assuming msp.
warning: Invalid state, unable to determine sp alias, assuming msp.
0x08000abc in PD_GPIO_StateMachine ()
warning: Invalid state, unable to determine sp alias, assuming msp.
warning: Invalid state, unable to determine sp alias, assuming msp.
0x08000abe in PD_GPIO_StateMachine ()
warning: Invalid state, unable to determine sp alias, assuming msp.
warning: Invalid state, unable to determine sp alias, assuming msp.
0x08000ac0 in PD_GPIO_StateMachine ()
=== Breaktrace snapshot (post-step 24) ===
pc             0x8000ac0           0x8000ac0 <PD_GPIO_StateMachine+56>
sp             0x20004e70          0x20004e70
lr             0x80010b7           134222007
=== GPIO register view (post-step) ===
0x40011008:	0x00000000
0x40010c0c:	0x00000c08
0x40010c10:	0x00000000
0x40010c14:	0x00000000
=== PD shadow/counter view (post-step) ===
0x2000095c <g_phase6_usb_attached>:	0x00000001
0x200008d8 <g_phase6_protocol_lane_expand_count>:	0x00000096
0x200008c4 <g_phase6_pd_gpio_count>:	0x00000096
0x200008bc <g_phase6_pd_attach_window_count>:	0x00000000
0x200008c9 <g_phase6_pd_pb3_state>:	0x01
0x200008c8 <g_phase6_pd_pb11_state>:	0x01
0x200005a8 <g_phase6_last_stage>:	0x00000002
0x200008e8 <g_phase6_spi_flush_trigger_count>:	0x00000095
0x200008e0 <g_phase6_spi_flush_skip_count>:	0x00000000
=== Main semantic counters (post-step) ===
0x20000964 <g_phase6_main_boot_phase_counter8>:	0x00000001
0x20000968 <g_phase6_main_iwdg_reload_count>:	0x00000241
=== main->SPI bridge counters (post-step) ===
0x20000a08 <g_phase6_mainloop_spi_pump_request_count>:	0x0000070b
0x20000a0c <g_phase6_mainloop_spi_pump_consumed_count>:	0x00000095
=== startup chain magic/IWDT (post-step) ===
0x20000a30 <g_phase6_boot_magic_word_shadow>:	0x00000000
0x20000a28 <g_phase6_boot_magic_matched>:	0x00000000
0x20000a20 <g_phase6_iwdt_started>:	0x00000001
0x20000a34 <g_phase6_iwdt_reload_shadow>:	0x00000001
=== USB guard risk counters (post-step) ===
0x20000a4c <g_phase6_usb_upgrade_guard_init>:	0x00000001
0x20000a54 <g_phase6_usb_upgrade_preflight_ready>:	0x00000000
0x20000a48 <g_phase6_usb_upgrade_preflight_fail_count>:	0x00000000
0x20000a50 <g_phase6_usb_upgrade_flash_write_attempt_count>:	0x00000000
=== Flush cadence context (post-step) ===
0x20000574 <g_phase6_call_ticks>:	0x00000096
0x20000a10 <g_phase6_systick_entry_count>:	0x00000bb8
0x200008b4 <g_phase6_oled_last_flush_tick>:	0x00000095
0x20000934 <g_phase6_ui_frame_dirty>:	0x00
[Inferior 1 (Remote target) detached]
