0x08001428 in Phase6_StartupChain_Run ()
Starting emulation...
=== Stimulate USB insert via LightPd pending-event SRAM injection ===
warning: Invalid state, unable to determine sp alias, assuming msp.
warning: Invalid state, unable to determine sp alias, assuming msp.
warning: Invalid state, unable to determine sp alias, assuming msp.
warning: Invalid state, unable to determine sp alias, assuming msp.
warning: Invalid state, unable to determine sp alias, assuming msp.
warning: Invalid state, unable to determine sp alias, assuming msp.
warning: Invalid state, unable to determine sp alias, assuming msp.
warning: Invalid state, unable to determine sp alias, assuming msp.
=== Force PD attached branch (fallback) ===
warning: Invalid state, unable to determine sp alias, assuming msp.
warning: Invalid state, unable to determine sp alias, assuming msp.
Starting emulation...
Hardware assisted breakpoint 1 at 0x80008f8

Breakpoint 1, 0x080008f8 in PD_GPIO_StateMachine ()
=== Phase6 Snapshot: PC/SP/LR ===
pc             0x80008f8           0x80008f8 <PD_GPIO_StateMachine+4>
sp             0x20004f30          0x20004f30
lr             0x8000dd7           134221271
=== GPIOC_IDR (PC13 source) ===
0x40011008:	0x00000000
=== GPIOB_ODATA (PB3/PB11 observable state) ===
0x40010c0c:	0x00000400
=== GPIOB_BSRR / BRR shadow check ===
0x40010c10:	0x00000000
0x40010c14:	0x00000000
=== Phase6 PD state shadows (SRAM) ===
0x20000869 <g_phase6_pd_pb3_state>:	0x00
0x20000868 <g_phase6_pd_pb11_state>:	0x00
0x200008f0 <g_phase6_usb_attached>:	0x00000001
0x200008f4 <g_phase6_usb_insert_event_count>:	0x00000001
0x20000864 <g_phase6_pd_gpio_count>:	0x00000000
0x20000878 <g_phase6_protocol_lane_expand_count>:	0x00000001
=== TMR1 registers (PWM) ===
0x40012c00:	0x00000081
0x40012c2c:	0x000004b0
0x40012c34:	0x00000018
0x40012c3c:	0x00000018
=== TMR4_CNT (encoder source) ===
0x40000824:	0x00000000
=== SPI1 startup frame trace (23B) ===
0x20000968 <g_phase6_spi1_startup_tx_count>:	0x00000017
0x2000096c <g_phase6_spi1_startup_done>:	0x00000001
0x20000974 <g_phase6_spi1_startup_last_byte>:	0x000000af
0x20000960 <g_phase6_spi1_startup_cs_low_count>:	0x00000001
0x20000970 <g_phase6_spi1_startup_cs_high_count>:	0x00000001
0x20000964 <g_phase6_spi1_startup_wait_timeout_count>:	0x00000017
=== SPI1 runtime framepump cadence ===
0x20000888 <g_phase6_spi_flush_trigger_count>:	0x00000000
0x20000880 <g_phase6_spi_flush_skip_count>:	0x00000000
=== main loop semantic counters (Step8 / IWDG reload) ===
0x200008f8 <g_phase6_main_boot_phase_counter8>:	0x00000001
0x200008fc <g_phase6_main_iwdg_reload_count>:	0x00000001
[Inferior 1 (Remote target) detached]
