0x080013b4 in Phase6_StartupChain_Run ()
Hardware assisted breakpoint 1 at 0x80008b8
warning: Invalid state, unable to determine sp alias, assuming msp.
Hardware assisted breakpoint 2 at 0x8000c12
Hardware assisted breakpoint 3 at 0x8000c88
Hardware assisted breakpoint 4 at 0x8000cac
warning: Invalid state, unable to determine sp alias, assuming msp.
warning: Invalid state, unable to determine sp alias, assuming msp.
Starting emulation...

Breakpoint 1, 0x080008b8 in PD_GPIO_StateMachine ()
=== Breaktrace snapshot (entry) ===
Num     Type           Disp Enb Address    What
1       hw breakpoint  keep y   0x080008b8 <PD_GPIO_StateMachine+4>
	breakpoint already hit 1 time
2       hw breakpoint  keep y   0x08000c12 <UI_SPI1_PumpEightFramebufferSlices+14>
3       hw breakpoint  keep y   0x08000c88 <UI_SPI1_PumpEightFramebufferSlices+132>
4       hw breakpoint  keep y   0x08000cac <UI_SPI1_PumpEightFramebufferSlices+168>
pc             0x80008b8           0x80008b8 <PD_GPIO_StateMachine+4>
sp             0x20004f38          0x20004f38
lr             0x8000d97           134221207
=== GPIO register view ===
0x40011008:	0x00000000
0x40010c0c:	0x00000400
0x40010c10:	0x00000000
0x40010c14:	0x00000000
=== PD shadow/counter view ===
0x200008e0 <g_phase6_usb_attached>:	0x00000001
0x20000868 <g_phase6_protocol_lane_expand_count>:	0x00000001
0x20000854 <g_phase6_pd_gpio_count>:	0x00000000
0x20000859 <g_phase6_pd_pb3_state>:	0x00
0x20000858 <g_phase6_pd_pb11_state>:	0x00
0x20000538 <g_phase6_last_stage>:	0x00000002
0x20000878 <g_phase6_spi_flush_trigger_count>:	0x00000000
0x20000870 <g_phase6_spi_flush_skip_count>:	0x00000000
warning: Invalid state, unable to determine sp alias, assuming msp.
warning: Invalid state, unable to determine sp alias, assuming msp.
warning: Invalid state, unable to determine sp alias, assuming msp.
0x080008ba in PD_GPIO_StateMachine ()
warning: Invalid state, unable to determine sp alias, assuming msp.
warning: Invalid state, unable to determine sp alias, assuming msp.
0x080008bc in PD_GPIO_StateMachine ()
warning: Invalid state, unable to determine sp alias, assuming msp.
warning: Invalid state, unable to determine sp alias, assuming msp.
0x080008be in PD_GPIO_StateMachine ()
warning: Invalid state, unable to determine sp alias, assuming msp.
warning: Invalid state, unable to determine sp alias, assuming msp.
0x080008c0 in PD_GPIO_StateMachine ()
warning: Invalid state, unable to determine sp alias, assuming msp.
warning: Invalid state, unable to determine sp alias, assuming msp.
0x080008c2 in PD_GPIO_StateMachine ()
warning: Invalid state, unable to determine sp alias, assuming msp.
warning: Invalid state, unable to determine sp alias, assuming msp.
0x080008c4 in PD_GPIO_StateMachine ()
warning: Invalid state, unable to determine sp alias, assuming msp.
warning: Invalid state, unable to determine sp alias, assuming msp.
0x080008c6 in PD_GPIO_StateMachine ()
warning: Invalid state, unable to determine sp alias, assuming msp.
warning: Invalid state, unable to determine sp alias, assuming msp.
0x080008c8 in PD_GPIO_StateMachine ()
warning: Invalid state, unable to determine sp alias, assuming msp.
warning: Invalid state, unable to determine sp alias, assuming msp.
0x080008cc in PD_GPIO_StateMachine ()
warning: Invalid state, unable to determine sp alias, assuming msp.
warning: Invalid state, unable to determine sp alias, assuming msp.
0x080008ce in PD_GPIO_StateMachine ()
warning: Invalid state, unable to determine sp alias, assuming msp.
warning: Invalid state, unable to determine sp alias, assuming msp.
0x080008d0 in PD_GPIO_StateMachine ()
warning: Invalid state, unable to determine sp alias, assuming msp.
warning: Invalid state, unable to determine sp alias, assuming msp.
0x080008d2 in PD_GPIO_StateMachine ()
warning: Invalid state, unable to determine sp alias, assuming msp.
warning: Invalid state, unable to determine sp alias, assuming msp.
0x080008d4 in PD_GPIO_StateMachine ()
warning: Invalid state, unable to determine sp alias, assuming msp.
warning: Invalid state, unable to determine sp alias, assuming msp.
0x080008d6 in PD_GPIO_StateMachine ()
warning: Invalid state, unable to determine sp alias, assuming msp.
warning: Invalid state, unable to determine sp alias, assuming msp.
0x080008d8 in PD_GPIO_StateMachine ()
warning: Invalid state, unable to determine sp alias, assuming msp.
warning: Invalid state, unable to determine sp alias, assuming msp.
0x080008dc in PD_GPIO_StateMachine ()
warning: Invalid state, unable to determine sp alias, assuming msp.
warning: Invalid state, unable to determine sp alias, assuming msp.
0x080008de in PD_GPIO_StateMachine ()
warning: Invalid state, unable to determine sp alias, assuming msp.
warning: Invalid state, unable to determine sp alias, assuming msp.
0x080008e0 in PD_GPIO_StateMachine ()
warning: Invalid state, unable to determine sp alias, assuming msp.
warning: Invalid state, unable to determine sp alias, assuming msp.
0x080008e2 in PD_GPIO_StateMachine ()
warning: Invalid state, unable to determine sp alias, assuming msp.
warning: Invalid state, unable to determine sp alias, assuming msp.
0x080008e4 in PD_GPIO_StateMachine ()
warning: Invalid state, unable to determine sp alias, assuming msp.
warning: Invalid state, unable to determine sp alias, assuming msp.
0x080008e6 in PD_GPIO_StateMachine ()
warning: Invalid state, unable to determine sp alias, assuming msp.
warning: Invalid state, unable to determine sp alias, assuming msp.
0x080008e8 in PD_GPIO_StateMachine ()
warning: Invalid state, unable to determine sp alias, assuming msp.
warning: Invalid state, unable to determine sp alias, assuming msp.
0x080008ea in PD_GPIO_StateMachine ()
warning: Invalid state, unable to determine sp alias, assuming msp.
warning: Invalid state, unable to determine sp alias, assuming msp.
0x080008ec in PD_GPIO_StateMachine ()
warning: Invalid state, unable to determine sp alias, assuming msp.
warning: Invalid state, unable to determine sp alias, assuming msp.
0x080008ee in PD_GPIO_StateMachine ()
warning: Invalid state, unable to determine sp alias, assuming msp.
warning: Invalid state, unable to determine sp alias, assuming msp.
0x080008f0 in PD_GPIO_StateMachine ()
warning: Invalid state, unable to determine sp alias, assuming msp.
warning: Invalid state, unable to determine sp alias, assuming msp.
0x080008f2 in PD_GPIO_StateMachine ()
warning: Invalid state, unable to determine sp alias, assuming msp.
warning: Invalid state, unable to determine sp alias, assuming msp.
0x08000d96 in PD_PowerAndProtocol_Block ()
warning: Invalid state, unable to determine sp alias, assuming msp.
warning: Invalid state, unable to determine sp alias, assuming msp.
0x0800093c in PD_HelperSeq_3000tick_ThenPc13Gpio ()
warning: Invalid state, unable to determine sp alias, assuming msp.
warning: Invalid state, unable to determine sp alias, assuming msp.
0x0800093e in PD_HelperSeq_3000tick_ThenPc13Gpio ()
warning: Invalid state, unable to determine sp alias, assuming msp.
warning: Invalid state, unable to determine sp alias, assuming msp.
0x08000940 in PD_HelperSeq_3000tick_ThenPc13Gpio ()
warning: Invalid state, unable to determine sp alias, assuming msp.
warning: Invalid state, unable to determine sp alias, assuming msp.
0x08000942 in PD_HelperSeq_3000tick_ThenPc13Gpio ()
=== Breaktrace snapshot (post-step 32) ===
pc             0x8000942           0x8000942 <PD_HelperSeq_3000tick_ThenPc13Gpio+6>
sp             0x20004f40          0x20004f40
lr             0x8000d9b           134221211
=== GPIO register view (post-step) ===
0x40011008:	0x00000000
0x40010c0c:	0x00000c08
0x40010c10:	0x00000000
0x40010c14:	0x00000000
=== PD shadow/counter view (post-step) ===
0x200008e0 <g_phase6_usb_attached>:	0x00000001
0x20000868 <g_phase6_protocol_lane_expand_count>:	0x00000001
0x20000854 <g_phase6_pd_gpio_count>:	0x00000001
0x20000859 <g_phase6_pd_pb3_state>:	0x01
0x20000858 <g_phase6_pd_pb11_state>:	0x01
0x20000538 <g_phase6_last_stage>:	0x00000003
0x20000878 <g_phase6_spi_flush_trigger_count>:	0x00000000
0x20000870 <g_phase6_spi_flush_skip_count>:	0x00000000
warning: Invalid state, unable to determine sp alias, assuming msp.
warning: Invalid state, unable to determine sp alias, assuming msp.
warning: Invalid state, unable to determine sp alias, assuming msp.
=== Force flush branch: SKIP ===
=== Continue to UI flush breakpoint ===

Breakpoint 2, 0x08000c12 in UI_SPI1_PumpEightFramebufferSlices ()
warning: Invalid state, unable to determine sp alias, assuming msp.
warning: Invalid state, unable to determine sp alias, assuming msp.
warning: Invalid state, unable to determine sp alias, assuming msp.
warning: Invalid state, unable to determine sp alias, assuming msp.
=== Force flush branch registers patched: SKIP (r0=0,r1=0,r3=1) ===
Cannot execute this command while the target is running.
Use the "interrupt" command to stop the target
and then try again.
